Command line invocation:
    /Applications/Xcode.app/Contents/Developer/usr/bin/xcodebuild -project "Sharp Timer App.xcodeproj" -target "Sharp Timer App" -configuration Debug build

ComputePackagePrebuildTargetDependencyGraph

Prepare packages

CreateBuildRequest

SendProjectDescription

CreateBuildOperation

ComputeTargetDependencyGraph
note: Building targets in dependency order
note: Target dependency graph (1 target)
    Target 'Sharp Timer App' in project 'Sharp Timer App' (no dependencies)

GatherProvisioningInputs

CreateBuildDescription

ExecuteExternalTool /Applications/Xcode.app/Contents/Developer/Toolchains/XcodeDefault.xctoolchain/usr/bin/clang -v -E -dM -isysroot /Applications/Xcode.app/Contents/Developer/Platforms/MacOSX.platform/Developer/SDKs/MacOSX26.1.sdk -x c -c /dev/null

ExecuteExternalTool /Applications/Xcode.app/Contents/Developer/usr/bin/actool --version --output-format xml1

ExecuteExternalTool /Applications/Xcode.app/Contents/Developer/Toolchains/XcodeDefault.xctoolchain/usr/bin/swiftc --version

ExecuteExternalTool /Applications/Xcode.app/Contents/Developer/Toolchains/XcodeDefault.xctoolchain/usr/bin/ld -version_details

Build description signature: 7e86953c4a276fa5696a9b4e1344afe0
Build description path: /Users/valutico/Desktop/AI Race/sharp-timer-app/Sharp Timer App/build/XCBuildData/7e86953c4a276fa5696a9b4e1344afe0.xcbuilddata
warning: ONLY_ACTIVE_ARCH=YES requested with multiple ARCHS and no active architecture could be computed; building for all applicable architectures (in target 'Sharp Timer App' from project 'Sharp Timer App')
ProcessInfoPlistFile /Users/valutico/Desktop/AI\ Race/sharp-timer-app/Sharp\ Timer\ App/build/Debug/Sharp\ Timer\ App.app/Contents/Info.plist /Users/valutico/Desktop/AI\ Race/sharp-timer-app/Sharp\ Timer\ App/build/Sharp\ Timer\ App.build/Debug/Sharp\ Timer\ App.build/empty-Sharp\ Timer\ App.plist (in target 'Sharp Timer App' from project 'Sharp Timer App')
    cd /Users/valutico/Desktop/AI\ Race/sharp-timer-app/Sharp\ Timer\ App
    builtin-infoPlistUtility /Users/valutico/Desktop/AI\ Race/sharp-timer-app/Sharp\ Timer\ App/build/Sharp\ Timer\ App.build/Debug/Sharp\ Timer\ App.build/empty-Sharp\ Timer\ App.plist -producttype com.apple.product-type.application -genpkginfo /Users/valutico/Desktop/AI\ Race/sharp-timer-app/Sharp\ Timer\ App/build/Debug/Sharp\ Timer\ App.app/Contents/PkgInfo -expandbuildsettings -platform macosx -additionalcontentfile /Users/valutico/Desktop/AI\ Race/sharp-timer-app/Sharp\ Timer\ App/build/Sharp\ Timer\ App.build/Debug/Sharp\ Timer\ App.build/assetcatalog_generated_info.plist -o /Users/valutico/Desktop/AI\ Race/sharp-timer-app/Sharp\ Timer\ App/build/Debug/Sharp\ Timer\ App.app/Contents/Info.plist

ClangStatCache /Applications/Xcode.app/Contents/Developer/Toolchains/XcodeDefault.xctoolchain/usr/bin/clang-stat-cache /Applications/Xcode.app/Contents/Developer/Platforms/MacOSX.platform/Developer/SDKs/MacOSX26.1.sdk /var/folders/64/yx2x9z6s5155rpcf696yp1sw0000gp/C/com.apple.DeveloperTools/26.1.1-17B100/Xcode/SDKStatCaches.noindex/macosx26.1-25B74-3ae1261907bdadc328169391a47051a6.sdkstatcache
    cd /Users/valutico/Desktop/AI\ Race/sharp-timer-app/Sharp\ Timer\ App/Sharp\ Timer\ App.xcodeproj
    /Applications/Xcode.app/Contents/Developer/Toolchains/XcodeDefault.xctoolchain/usr/bin/clang-stat-cache /Applications/Xcode.app/Contents/Developer/Platforms/MacOSX.platform/Developer/SDKs/MacOSX26.1.sdk -o /var/folders/64/yx2x9z6s5155rpcf696yp1sw0000gp/C/com.apple.DeveloperTools/26.1.1-17B100/Xcode/SDKStatCaches.noindex/macosx26.1-25B74-3ae1261907bdadc328169391a47051a6.sdkstatcache

CopySwiftLibs /Users/valutico/Desktop/AI\ Race/sharp-timer-app/Sharp\ Timer\ App/build/Debug/Sharp\ Timer\ App.app (in target 'Sharp Timer App' from project 'Sharp Timer App')
    cd /Users/valutico/Desktop/AI\ Race/sharp-timer-app/Sharp\ Timer\ App
    builtin-swiftStdLibTool --copy --verbose --sign - --scan-executable /Users/valutico/Desktop/AI\ Race/sharp-timer-app/Sharp\ Timer\ App/build/Debug/Sharp\ Timer\ App.app/Contents/MacOS/Sharp\ Timer\ App --scan-folder /Users/valutico/Desktop/AI\ Race/sharp-timer-app/Sharp\ Timer\ App/build/Debug/Sharp\ Timer\ App.app/Contents/Frameworks --scan-folder /Users/valutico/Desktop/AI\ Race/sharp-timer-app/Sharp\ Timer\ App/build/Debug/Sharp\ Timer\ App.app/Contents/PlugIns --scan-folder /Users/valutico/Desktop/AI\ Race/sharp-timer-app/Sharp\ Timer\ App/build/Debug/Sharp\ Timer\ App.app/Contents/Library/SystemExtensions --scan-folder /Users/valutico/Desktop/AI\ Race/sharp-timer-app/Sharp\ Timer\ App/build/Debug/Sharp\ Timer\ App.app/Contents/Extensions --platform macosx --toolchain /Applications/Xcode.app/Contents/Developer/Toolchains/XcodeDefault.xctoolchain --destination /Users/valutico/Desktop/AI\ Race/sharp-timer-app/Sharp\ Timer\ App/build/Debug/Sharp\ Timer\ App.app/Contents/Frameworks --strip-bitcode --strip-bitcode-tool /Applications/Xcode.app/Contents/Developer/Toolchains/XcodeDefault.xctoolchain/usr/bin/bitcode_strip --emit-dependency-info /Users/valutico/Desktop/AI\ Race/sharp-timer-app/Sharp\ Timer\ App/build/Sharp\ Timer\ App.build/Debug/Sharp\ Timer\ App.build/SwiftStdLibToolInputDependencies.dep --filter-for-swift-os --back-deploy-swift-span

** BUILD SUCCEEDED **

